12:39:17 | Starting up...
12:39:17 | Setting metadata
12:39:18 | Found Steam game library at :	C:\\Program Files (x86)\\Steam
12:39:18 | Set icon metadata
12:39:18 | Config params:
12:39:18 | Logs archiving: True
12:39:18 | Gmod monitoring: True
12:39:18 | Start as Gmod: False
12:39:18 | Exclusion Patterns: 
	
12:39:18 | Archives directory was not found, creating it at: 	C:\Users\Adam\Desktop\ARC\Garry's Mod\gplus\src\bin\x64\Release\Archives
12:39:18 | Found Steam game library at :	C:\\Program Files (x86)\\Steam
12:39:18 | Found Steam game library at :	C:\\Program Files (x86)\\Steam
12:39:18 | Installing xconsole
12:39:18 | Installation complete!
12:39:18 | Found Steam game library at :	C:\\Program Files (x86)\\Steam
12:39:18 | Could not get Gmod console bindings: 	Index was outside the bounds of the array.
12:39:43 | Starting up...
12:39:43 | Setting metadata
12:39:43 | Found Steam game library at :	C:\\Program Files (x86)\\Steam
12:39:43 | Set icon metadata
12:39:43 | Config params:
12:39:43 | Logs archiving: True
12:39:43 | Gmod monitoring: True
12:39:43 | Start as Gmod: False
12:39:43 | Exclusion Patterns: 
	
12:39:43 | Found Steam game library at :	C:\\Program Files (x86)\\Steam
12:39:43 | Found Steam game library at :	C:\\Program Files (x86)\\Steam
12:39:43 | Installing xconsole
12:39:43 | Installation complete!
12:39:43 | Found Steam game library at :	C:\\Program Files (x86)\\Steam
12:39:43 | Could not get Gmod console bindings: 	Index was outside the bounds of the array.
12:39:52 | Starting up...
12:39:52 | Setting metadata
12:39:53 | Found Steam game library at :	C:\\Program Files (x86)\\Steam
12:39:53 | Set icon metadata
12:39:53 | Config params:
12:39:53 | Logs archiving: True
12:39:53 | Gmod monitoring: True
12:39:53 | Start as Gmod: False
12:39:53 | Exclusion Patterns: 
	
12:39:53 | Found Steam game library at :	C:\\Program Files (x86)\\Steam
12:39:53 | Found Steam game library at :	C:\\Program Files (x86)\\Steam
12:39:53 | Installing xconsole
12:39:53 | Installation complete!
12:39:53 | Found Steam game library at :	C:\\Program Files (x86)\\Steam
12:39:53 | Could not get Gmod console bindings: 	Index was outside the bounds of the array.
12:40:08 | Starting up...
12:40:08 | Setting metadata
12:40:08 | Found Steam game library at :	C:\\Program Files (x86)\\Steam
12:40:08 | Set icon metadata
12:40:08 | Config params:
12:40:08 | Logs archiving: True
12:40:08 | Gmod monitoring: True
12:40:08 | Start as Gmod: False
12:40:08 | Exclusion Patterns: 
	
12:40:08 | Found Steam game library at :	C:\\Program Files (x86)\\Steam
12:40:08 | Found Steam game library at :	C:\\Program Files (x86)\\Steam
12:40:08 | Installing xconsole
12:40:08 | Installation complete!
12:40:08 | Found Steam game library at :	C:\\Program Files (x86)\\Steam
12:40:08 | Could not get Gmod console bindings: 	Index was outside the bounds of the array.
12:40:17 | Starting up...
12:40:17 | Setting metadata
12:40:17 | Found Steam game library at :	C:\\Program Files (x86)\\Steam
12:40:17 | Set icon metadata
12:40:17 | Config params:
12:40:17 | Logs archiving: True
12:40:17 | Gmod monitoring: True
12:40:17 | Start as Gmod: False
12:40:17 | Exclusion Patterns: 
	
12:40:17 | Found Steam game library at :	C:\\Program Files (x86)\\Steam
12:40:17 | Found Steam game library at :	C:\\Program Files (x86)\\Steam
12:40:17 | Installing xconsole
12:40:17 | Installation complete!
12:40:18 | Found Steam game library at :	C:\\Program Files (x86)\\Steam
12:40:18 | Could not get Gmod console bindings: 	Index was outside the bounds of the array.
12:40:30 | Starting up...
12:40:30 | Setting metadata
12:40:30 | Found Steam game library at :	C:\\Program Files (x86)\\Steam
12:40:30 | Set icon metadata
12:40:30 | Config params:
12:40:30 | Logs archiving: True
12:40:30 | Gmod monitoring: True
12:40:30 | Start as Gmod: False
12:40:30 | Exclusion Patterns: 
	
12:40:30 | Found Steam game library at :	C:\\Program Files (x86)\\Steam
12:40:30 | Found Steam game library at :	C:\\Program Files (x86)\\Steam
12:40:30 | Installing xconsole
12:40:30 | Installation complete!
12:40:30 | Found Steam game library at :	C:\\Program Files (x86)\\Steam
12:40:30 | Could not get Gmod console bindings: 	Index was outside the bounds of the array.
12:40:38 | Starting up...
12:40:38 | Setting metadata
12:40:38 | Found Steam game library at :	C:\\Program Files (x86)\\Steam
12:40:38 | Set icon metadata
12:40:38 | Config params:
12:40:38 | Logs archiving: True
12:40:38 | Gmod monitoring: True
12:40:38 | Start as Gmod: False
12:40:38 | Exclusion Patterns: 
	
12:40:38 | Found Steam game library at :	C:\\Program Files (x86)\\Steam
12:40:38 | Found Steam game library at :	C:\\Program Files (x86)\\Steam
12:40:38 | Installing xconsole
12:40:38 | Installation complete!
12:40:38 | Found Steam game library at :	C:\\Program Files (x86)\\Steam
12:40:38 | Could not get Gmod console bindings: 	Index was outside the bounds of the array.
12:40:46 | Starting up...
12:40:46 | Setting metadata
12:40:46 | Found Steam game library at :	C:\\Program Files (x86)\\Steam
12:40:46 | Set icon metadata
12:40:46 | Config params:
12:40:46 | Logs archiving: True
12:40:46 | Gmod monitoring: True
12:40:46 | Start as Gmod: False
12:40:46 | Exclusion Patterns: 
	
12:40:46 | Found Steam game library at :	C:\\Program Files (x86)\\Steam
12:40:46 | Found Steam game library at :	C:\\Program Files (x86)\\Steam
12:40:46 | Installing xconsole
12:40:46 | Installation complete!
12:40:46 | Found Steam game library at :	C:\\Program Files (x86)\\Steam
12:40:46 | Could not get Gmod console bindings: 	Index was outside the bounds of the array.
12:42:18 | Starting up...
12:42:18 | Setting metadata
12:42:19 | Found Steam game library at :	C:\\Program Files (x86)\\Steam
12:42:19 | Set icon metadata
12:42:19 | Config params:
12:42:19 | Logs archiving: True
12:42:19 | Gmod monitoring: True
12:42:19 | Start as Gmod: False
12:42:19 | Exclusion Patterns: 
	
12:42:19 | Found Steam game library at :	C:\\Program Files (x86)\\Steam
12:42:19 | Found Steam game library at :	C:\\Program Files (x86)\\Steam
12:42:19 | Installing xconsole
12:42:19 | Installation complete!
12:42:19 | Found Steam game library at :	C:\\Program Files (x86)\\Steam
12:42:19 | Could not get Gmod console bindings: 	Index was outside the bounds of the array.
12:42:22 | Starting up...
12:42:22 | Setting metadata
12:42:22 | Found Steam game library at :	C:\\Program Files (x86)\\Steam
12:42:22 | Set icon metadata
12:42:22 | Config params:
12:42:22 | Logs archiving: True
12:42:22 | Gmod monitoring: True
12:42:22 | Start as Gmod: False
12:42:22 | Exclusion Patterns: 
	
12:42:22 | Found Steam game library at :	C:\\Program Files (x86)\\Steam
12:42:22 | Found Steam game library at :	C:\\Program Files (x86)\\Steam
12:42:22 | Installing xconsole
12:42:22 | Installation complete!
12:42:22 | Found Steam game library at :	C:\\Program Files (x86)\\Steam
12:42:22 | Could not get Gmod console bindings: 	Index was outside the bounds of the array.
12:42:25 | Starting up...
12:42:25 | Setting metadata
12:42:26 | Found Steam game library at :	C:\\Program Files (x86)\\Steam
12:42:26 | Set icon metadata
12:42:26 | Config params:
12:42:26 | Logs archiving: True
12:42:26 | Gmod monitoring: True
12:42:26 | Start as Gmod: False
12:42:26 | Exclusion Patterns: 
	
12:42:26 | Found Steam game library at :	C:\\Program Files (x86)\\Steam
12:42:26 | Found Steam game library at :	C:\\Program Files (x86)\\Steam
12:42:26 | Installing xconsole
12:42:26 | Installation complete!
12:42:26 | Found Steam game library at :	C:\\Program Files (x86)\\Steam
12:42:26 | Could not get Gmod console bindings: 	Index was outside the bounds of the array.
12:42:28 | Starting up...
12:42:28 | Setting metadata
12:42:28 | Found Steam game library at :	C:\\Program Files (x86)\\Steam
12:42:28 | Set icon metadata
12:42:28 | Config params:
12:42:28 | Logs archiving: True
12:42:28 | Gmod monitoring: True
12:42:28 | Start as Gmod: False
12:42:28 | Exclusion Patterns: 
	
12:42:28 | Found Steam game library at :	C:\\Program Files (x86)\\Steam
12:42:28 | Found Steam game library at :	C:\\Program Files (x86)\\Steam
12:42:28 | Installing xconsole
12:42:28 | Installation complete!
12:42:28 | Found Steam game library at :	C:\\Program Files (x86)\\Steam
12:42:28 | Could not get Gmod console bindings: 	Index was outside the bounds of the array.
12:42:34 | Starting up...
12:42:35 | Setting metadata
12:42:35 | Found Steam game library at :	C:\\Program Files (x86)\\Steam
12:42:35 | Set icon metadata
12:42:35 | Config params:
12:42:35 | Logs archiving: True
12:42:35 | Gmod monitoring: True
12:42:35 | Start as Gmod: False
12:42:35 | Exclusion Patterns: 
	
12:42:35 | Found Steam game library at :	C:\\Program Files (x86)\\Steam
12:42:35 | Found Steam game library at :	C:\\Program Files (x86)\\Steam
12:42:35 | Installing xconsole
12:42:35 | Installation complete!
12:42:35 | Found Steam game library at :	C:\\Program Files (x86)\\Steam
12:42:35 | Could not get Gmod console bindings: 	Index was outside the bounds of the array.
12:42:37 | Starting up...
12:42:37 | Setting metadata
12:42:37 | Found Steam game library at :	C:\\Program Files (x86)\\Steam
12:42:38 | Set icon metadata
12:42:38 | Config params:
12:42:38 | Logs archiving: True
12:42:38 | Gmod monitoring: True
12:42:38 | Start as Gmod: False
12:42:38 | Exclusion Patterns: 
	
12:42:38 | Found Steam game library at :	C:\\Program Files (x86)\\Steam
12:42:38 | Found Steam game library at :	C:\\Program Files (x86)\\Steam
12:42:38 | Installing xconsole
12:42:38 | Installation complete!
12:42:38 | Found Steam game library at :	C:\\Program Files (x86)\\Steam
12:42:38 | Could not get Gmod console bindings: 	Index was outside the bounds of the array.
12:42:38 | Starting up...
12:42:38 | Setting metadata
12:42:39 | Found Steam game library at :	C:\\Program Files (x86)\\Steam
12:42:39 | Set icon metadata
12:42:39 | Config params:
12:42:39 | Logs archiving: True
12:42:39 | Gmod monitoring: True
12:42:39 | Start as Gmod: False
12:42:39 | Exclusion Patterns: 
	
12:42:39 | Found Steam game library at :	C:\\Program Files (x86)\\Steam
12:42:39 | Found Steam game library at :	C:\\Program Files (x86)\\Steam
12:42:39 | Installing xconsole
12:42:39 | Installation complete!
12:42:39 | Found Steam game library at :	C:\\Program Files (x86)\\Steam
12:42:39 | Could not get Gmod console bindings: 	Index was outside the bounds of the array.
12:42:39 | Starting up...
12:42:39 | Setting metadata
12:42:40 | Found Steam game library at :	C:\\Program Files (x86)\\Steam
12:42:40 | Set icon metadata
12:42:40 | Config params:
12:42:40 | Logs archiving: True
12:42:40 | Gmod monitoring: True
12:42:40 | Start as Gmod: False
12:42:40 | Exclusion Patterns: 
	
12:42:40 | Found Steam game library at :	C:\\Program Files (x86)\\Steam
12:42:40 | Found Steam game library at :	C:\\Program Files (x86)\\Steam
12:42:40 | Installing xconsole
12:42:40 | Installation complete!
12:42:40 | Found Steam game library at :	C:\\Program Files (x86)\\Steam
12:42:40 | Could not get Gmod console bindings: 	Index was outside the bounds of the array.
12:42:40 | Starting up...
12:42:40 | Setting metadata
12:42:41 | Found Steam game library at :	C:\\Program Files (x86)\\Steam
12:42:41 | Set icon metadata
12:42:41 | Config params:
12:42:41 | Logs archiving: True
12:42:41 | Gmod monitoring: True
12:42:41 | Start as Gmod: False
12:42:41 | Exclusion Patterns: 
	
12:42:41 | Found Steam game library at :	C:\\Program Files (x86)\\Steam
12:42:41 | Found Steam game library at :	C:\\Program Files (x86)\\Steam
12:42:41 | Installing xconsole
12:42:41 | Installation complete!
12:42:41 | Found Steam game library at :	C:\\Program Files (x86)\\Steam
12:42:41 | Could not get Gmod console bindings: 	Index was outside the bounds of the array.
12:42:44 | Starting up...
12:42:44 | Setting metadata
12:42:45 | Found Steam game library at :	C:\\Program Files (x86)\\Steam
12:42:45 | Set icon metadata
12:42:45 | Config params:
12:42:45 | Logs archiving: True
12:42:45 | Gmod monitoring: True
12:42:45 | Start as Gmod: False
12:42:45 | Exclusion Patterns: 
	
12:42:45 | Found Steam game library at :	C:\\Program Files (x86)\\Steam
12:42:45 | Found Steam game library at :	C:\\Program Files (x86)\\Steam
12:42:45 | Installing xconsole
12:42:45 | Installation complete!
12:42:45 | Found Steam game library at :	C:\\Program Files (x86)\\Steam
12:42:45 | Could not get Gmod console bindings: 	Index was outside the bounds of the array.
12:42:45 | Starting up...
12:42:45 | Setting metadata
12:42:46 | Found Steam game library at :	C:\\Program Files (x86)\\Steam
12:42:46 | Set icon metadata
12:42:46 | Config params:
12:42:46 | Logs archiving: True
12:42:46 | Gmod monitoring: True
12:42:46 | Start as Gmod: False
12:42:46 | Exclusion Patterns: 
	
12:42:46 | Found Steam game library at :	C:\\Program Files (x86)\\Steam
12:42:46 | Found Steam game library at :	C:\\Program Files (x86)\\Steam
12:42:46 | Installing xconsole
12:42:46 | Installation complete!
12:42:46 | Found Steam game library at :	C:\\Program Files (x86)\\Steam
12:42:46 | Could not get Gmod console bindings: 	Index was outside the bounds of the array.
12:42:46 | Starting up...
12:42:46 | Setting metadata
12:42:47 | Found Steam game library at :	C:\\Program Files (x86)\\Steam
12:42:47 | Set icon metadata
12:42:47 | Config params:
12:42:47 | Logs archiving: True
12:42:47 | Gmod monitoring: True
12:42:47 | Start as Gmod: False
12:42:47 | Exclusion Patterns: 
	
12:42:47 | Found Steam game library at :	C:\\Program Files (x86)\\Steam
12:42:47 | Found Steam game library at :	C:\\Program Files (x86)\\Steam
12:42:47 | Installing xconsole
12:42:47 | Installation complete!
12:42:47 | Found Steam game library at :	C:\\Program Files (x86)\\Steam
12:42:47 | Could not get Gmod console bindings: 	Index was outside the bounds of the array.
12:42:47 | Starting up...
12:42:47 | Setting metadata
12:42:48 | Found Steam game library at :	C:\\Program Files (x86)\\Steam
12:42:48 | Set icon metadata
12:42:48 | Config params:
12:42:48 | Logs archiving: True
12:42:48 | Gmod monitoring: True
12:42:48 | Start as Gmod: False
12:42:48 | Exclusion Patterns: 
	
12:42:48 | Found Steam game library at :	C:\\Program Files (x86)\\Steam
12:42:48 | Found Steam game library at :	C:\\Program Files (x86)\\Steam
12:42:48 | Installing xconsole
12:42:48 | Installation complete!
12:42:48 | Found Steam game library at :	C:\\Program Files (x86)\\Steam
12:42:48 | Could not get Gmod console bindings: 	Index was outside the bounds of the array.
12:42:48 | Starting up...
12:42:48 | Setting metadata
12:42:49 | Found Steam game library at :	C:\\Program Files (x86)\\Steam
12:42:49 | Set icon metadata
12:42:49 | Config params:
12:42:49 | Logs archiving: True
12:42:49 | Gmod monitoring: True
12:42:49 | Start as Gmod: False
12:42:49 | Exclusion Patterns: 
	
12:42:49 | Found Steam game library at :	C:\\Program Files (x86)\\Steam
12:42:49 | Found Steam game library at :	C:\\Program Files (x86)\\Steam
12:42:49 | Installing xconsole
12:42:49 | Installation complete!
12:42:49 | Found Steam game library at :	C:\\Program Files (x86)\\Steam
12:42:49 | Could not get Gmod console bindings: 	Index was outside the bounds of the array.
12:42:49 | Starting up...
12:42:49 | Setting metadata
12:42:50 | Found Steam game library at :	C:\\Program Files (x86)\\Steam
12:42:50 | Set icon metadata
12:42:50 | Config params:
12:42:50 | Logs archiving: True
12:42:50 | Gmod monitoring: True
12:42:50 | Start as Gmod: False
12:42:50 | Exclusion Patterns: 
	
12:42:50 | Found Steam game library at :	C:\\Program Files (x86)\\Steam
12:42:50 | Found Steam game library at :	C:\\Program Files (x86)\\Steam
12:42:50 | Installing xconsole
12:42:50 | Installation complete!
12:42:50 | Found Steam game library at :	C:\\Program Files (x86)\\Steam
12:42:50 | Could not get Gmod console bindings: 	Index was outside the bounds of the array.
12:42:50 | Starting up...
12:42:51 | Setting metadata
12:42:51 | Found Steam game library at :	C:\\Program Files (x86)\\Steam
12:42:51 | Set icon metadata
12:42:51 | Config params:
12:42:51 | Logs archiving: True
12:42:51 | Gmod monitoring: True
12:42:51 | Start as Gmod: False
12:42:51 | Exclusion Patterns: 
	
12:42:51 | Found Steam game library at :	C:\\Program Files (x86)\\Steam
12:42:51 | Found Steam game library at :	C:\\Program Files (x86)\\Steam
12:42:51 | Installing xconsole
12:42:51 | Installation complete!
12:42:51 | Found Steam game library at :	C:\\Program Files (x86)\\Steam
12:42:51 | Could not get Gmod console bindings: 	Index was outside the bounds of the array.
12:42:51 | Starting up...
12:42:51 | Setting metadata
12:42:52 | Found Steam game library at :	C:\\Program Files (x86)\\Steam
12:42:52 | Set icon metadata
12:42:52 | Config params:
12:42:52 | Logs archiving: True
12:42:52 | Gmod monitoring: True
12:42:52 | Start as Gmod: False
12:42:52 | Exclusion Patterns: 
	
12:42:52 | Found Steam game library at :	C:\\Program Files (x86)\\Steam
12:42:52 | Found Steam game library at :	C:\\Program Files (x86)\\Steam
12:42:52 | Installing xconsole
12:42:52 | Installation complete!
12:42:52 | Found Steam game library at :	C:\\Program Files (x86)\\Steam
12:42:52 | Could not get Gmod console bindings: 	Index was outside the bounds of the array.
12:43:11 | Starting up...
12:43:11 | Setting metadata
12:43:12 | Found Steam game library at :	C:\\Program Files (x86)\\Steam
12:43:12 | Set icon metadata
12:43:12 | Config params:
12:43:12 | Logs archiving: True
12:43:12 | Gmod monitoring: True
12:43:12 | Start as Gmod: False
12:43:12 | Exclusion Patterns: 
	
12:43:12 | Found Steam game library at :	C:\\Program Files (x86)\\Steam
12:43:12 | Found Steam game library at :	C:\\Program Files (x86)\\Steam
12:43:12 | Installing xconsole
12:43:12 | Installation complete!
12:43:12 | Found Steam game library at :	C:\\Program Files (x86)\\Steam
12:43:12 | Could not get Gmod console bindings: 	Index was outside the bounds of the array.
12:43:14 | Starting up...
12:43:14 | Setting metadata
12:43:15 | Found Steam game library at :	C:\\Program Files (x86)\\Steam
12:43:15 | Set icon metadata
12:43:15 | Config params:
12:43:15 | Logs archiving: True
12:43:15 | Gmod monitoring: True
12:43:15 | Start as Gmod: False
12:43:15 | Exclusion Patterns: 
	
12:43:15 | Found Steam game library at :	C:\\Program Files (x86)\\Steam
12:43:15 | Found Steam game library at :	C:\\Program Files (x86)\\Steam
12:43:15 | Installing xconsole
12:43:15 | Installation complete!
12:43:15 | Found Steam game library at :	C:\\Program Files (x86)\\Steam
12:43:15 | Could not get Gmod console bindings: 	Index was outside the bounds of the array.
12:43:15 | Starting up...
12:43:16 | Setting metadata
12:43:16 | Found Steam game library at :	C:\\Program Files (x86)\\Steam
12:43:16 | Set icon metadata
12:43:16 | Config params:
12:43:16 | Logs archiving: True
12:43:16 | Gmod monitoring: True
12:43:16 | Start as Gmod: False
12:43:16 | Exclusion Patterns: 
	
12:43:16 | Found Steam game library at :	C:\\Program Files (x86)\\Steam
12:43:16 | Found Steam game library at :	C:\\Program Files (x86)\\Steam
12:43:16 | Installing xconsole
12:43:16 | Installation complete!
12:43:16 | Found Steam game library at :	C:\\Program Files (x86)\\Steam
12:43:16 | Could not get Gmod console bindings: 	Index was outside the bounds of the array.
12:43:17 | Starting up...
12:43:17 | Setting metadata
12:43:17 | Found Steam game library at :	C:\\Program Files (x86)\\Steam
12:43:17 | Set icon metadata
12:43:17 | Config params:
12:43:17 | Logs archiving: True
12:43:17 | Gmod monitoring: True
12:43:17 | Start as Gmod: False
12:43:17 | Exclusion Patterns: 
	
12:43:17 | Found Steam game library at :	C:\\Program Files (x86)\\Steam
12:43:17 | Found Steam game library at :	C:\\Program Files (x86)\\Steam
12:43:17 | Installing xconsole
12:43:17 | Installation complete!
12:43:17 | Found Steam game library at :	C:\\Program Files (x86)\\Steam
12:43:17 | Could not get Gmod console bindings: 	Index was outside the bounds of the array.
12:43:29 | Starting up...
12:43:29 | Setting metadata
12:43:29 | Found Steam game library at :	C:\\Program Files (x86)\\Steam
12:43:29 | Set icon metadata
12:43:29 | Config params:
12:43:29 | Logs archiving: True
12:43:29 | Gmod monitoring: True
12:43:29 | Start as Gmod: False
12:43:29 | Exclusion Patterns: 
	
12:43:29 | Found Steam game library at :	C:\\Program Files (x86)\\Steam
12:43:29 | Found Steam game library at :	C:\\Program Files (x86)\\Steam
12:43:29 | Installing xconsole
12:43:29 | Installation complete!
12:43:31 | Found Steam game library at :	C:\\Program Files (x86)\\Steam
12:43:31 | Could not get Gmod console bindings: 	Index was outside the bounds of the array.
12:43:32 | Starting up...
12:43:32 | Setting metadata
12:43:32 | Found Steam game library at :	C:\\Program Files (x86)\\Steam
12:43:32 | Set icon metadata
12:43:32 | Config params:
12:43:32 | Logs archiving: True
12:43:32 | Gmod monitoring: True
12:43:32 | Start as Gmod: False
12:43:32 | Exclusion Patterns: 
	
12:43:32 | Found Steam game library at :	C:\\Program Files (x86)\\Steam
12:43:32 | Found Steam game library at :	C:\\Program Files (x86)\\Steam
12:43:32 | Installing xconsole
12:43:32 | Installation complete!
12:43:33 | Found Steam game library at :	C:\\Program Files (x86)\\Steam
12:43:33 | Could not get Gmod console bindings: 	Index was outside the bounds of the array.
12:43:36 | Starting up...
12:43:36 | Setting metadata
12:43:36 | Found Steam game library at :	C:\\Program Files (x86)\\Steam
12:43:36 | Set icon metadata
12:43:36 | Config params:
12:43:36 | Logs archiving: True
12:43:36 | Gmod monitoring: True
12:43:36 | Start as Gmod: False
12:43:36 | Exclusion Patterns: 
	
12:43:36 | Found Steam game library at :	C:\\Program Files (x86)\\Steam
12:43:36 | Found Steam game library at :	C:\\Program Files (x86)\\Steam
12:43:36 | Installing xconsole
12:43:36 | Installation complete!
12:43:37 | Found Steam game library at :	C:\\Program Files (x86)\\Steam
12:43:37 | Could not get Gmod console bindings: 	Index was outside the bounds of the array.
12:43:40 | Starting up...
12:43:40 | Setting metadata
12:43:41 | Found Steam game library at :	C:\\Program Files (x86)\\Steam
12:43:41 | Set icon metadata
12:43:41 | Config params:
12:43:41 | Logs archiving: True
12:43:41 | Gmod monitoring: True
12:43:41 | Start as Gmod: False
12:43:41 | Exclusion Patterns: 
	
12:43:41 | Found Steam game library at :	C:\\Program Files (x86)\\Steam
12:43:41 | Found Steam game library at :	C:\\Program Files (x86)\\Steam
12:43:41 | Installing xconsole
12:43:41 | Installation complete!
12:43:42 | Found Steam game library at :	C:\\Program Files (x86)\\Steam
12:43:42 | Could not get Gmod console bindings: 	Index was outside the bounds of the array.
12:43:42 | Starting up...
12:43:42 | Setting metadata
12:43:43 | Found Steam game library at :	C:\\Program Files (x86)\\Steam
12:43:43 | Set icon metadata
12:43:43 | Config params:
12:43:43 | Logs archiving: True
12:43:43 | Gmod monitoring: True
12:43:43 | Start as Gmod: False
12:43:43 | Exclusion Patterns: 
	
12:43:43 | Found Steam game library at :	C:\\Program Files (x86)\\Steam
12:43:43 | Found Steam game library at :	C:\\Program Files (x86)\\Steam
12:43:43 | Installing xconsole
12:43:43 | Installation complete!
12:43:44 | Found Steam game library at :	C:\\Program Files (x86)\\Steam
12:43:44 | Could not get Gmod console bindings: 	Index was outside the bounds of the array.
12:43:46 | Starting up...
12:43:46 | Setting metadata
12:43:46 | Found Steam game library at :	C:\\Program Files (x86)\\Steam
12:43:46 | Set icon metadata
12:43:46 | Config params:
12:43:46 | Logs archiving: True
12:43:46 | Gmod monitoring: True
12:43:46 | Start as Gmod: False
12:43:46 | Exclusion Patterns: 
	
12:43:46 | Found Steam game library at :	C:\\Program Files (x86)\\Steam
12:43:46 | Found Steam game library at :	C:\\Program Files (x86)\\Steam
12:43:46 | Installing xconsole
12:43:46 | Installation complete!
12:43:48 | Found Steam game library at :	C:\\Program Files (x86)\\Steam
12:43:48 | Could not get Gmod console bindings: 	Index was outside the bounds of the array.
12:43:48 | Starting up...
12:43:48 | Setting metadata
12:43:48 | Found Steam game library at :	C:\\Program Files (x86)\\Steam
12:43:48 | Set icon metadata
12:43:49 | Config params:
12:43:49 | Logs archiving: True
12:43:49 | Gmod monitoring: True
12:43:49 | Start as Gmod: False
12:43:49 | Exclusion Patterns: 
	
12:43:49 | Found Steam game library at :	C:\\Program Files (x86)\\Steam
12:43:49 | Found Steam game library at :	C:\\Program Files (x86)\\Steam
12:43:49 | Installing xconsole
12:43:49 | Installation complete!
12:43:50 | Found Steam game library at :	C:\\Program Files (x86)\\Steam
12:43:50 | Could not get Gmod console bindings: 	Index was outside the bounds of the array.
12:43:50 | Starting up...
12:43:50 | Setting metadata
12:43:51 | Found Steam game library at :	C:\\Program Files (x86)\\Steam
12:43:51 | Set icon metadata
12:43:51 | Config params:
12:43:51 | Logs archiving: True
12:43:51 | Gmod monitoring: True
12:43:51 | Start as Gmod: False
12:43:51 | Exclusion Patterns: 
	
12:43:51 | Found Steam game library at :	C:\\Program Files (x86)\\Steam
12:43:51 | Found Steam game library at :	C:\\Program Files (x86)\\Steam
12:43:51 | Installing xconsole
12:43:51 | Installation complete!
12:43:52 | Found Steam game library at :	C:\\Program Files (x86)\\Steam
12:43:52 | Could not get Gmod console bindings: 	Index was outside the bounds of the array.
12:43:52 | Starting up...
12:43:52 | Setting metadata
12:43:53 | Found Steam game library at :	C:\\Program Files (x86)\\Steam
12:43:53 | Set icon metadata
12:43:53 | Config params:
12:43:53 | Logs archiving: True
12:43:53 | Gmod monitoring: True
12:43:53 | Start as Gmod: False
12:43:53 | Exclusion Patterns: 
	
12:43:53 | Found Steam game library at :	C:\\Program Files (x86)\\Steam
12:43:53 | Found Steam game library at :	C:\\Program Files (x86)\\Steam
12:43:53 | Installing xconsole
12:43:53 | Installation complete!
12:43:54 | Found Steam game library at :	C:\\Program Files (x86)\\Steam
12:43:54 | Could not get Gmod console bindings: 	Index was outside the bounds of the array.
12:43:58 | Starting up...
12:43:58 | Setting metadata
12:43:58 | Found Steam game library at :	C:\\Program Files (x86)\\Steam
12:43:58 | Set icon metadata
12:43:58 | Config params:
12:43:58 | Logs archiving: True
12:43:58 | Gmod monitoring: True
12:43:58 | Start as Gmod: False
12:43:58 | Exclusion Patterns: 
	
12:43:58 | Found Steam game library at :	C:\\Program Files (x86)\\Steam
12:43:58 | Found Steam game library at :	C:\\Program Files (x86)\\Steam
12:43:58 | Installing xconsole
12:43:58 | Installation complete!
12:43:59 | Found Steam game library at :	C:\\Program Files (x86)\\Steam
12:43:59 | Could not get Gmod console bindings: 	Index was outside the bounds of the array.
12:44:00 | Starting up...
12:44:00 | Setting metadata
12:44:00 | Found Steam game library at :	C:\\Program Files (x86)\\Steam
12:44:00 | Set icon metadata
12:44:00 | Config params:
12:44:00 | Logs archiving: True
12:44:00 | Gmod monitoring: True
12:44:00 | Start as Gmod: False
12:44:00 | Exclusion Patterns: 
	
12:44:00 | Found Steam game library at :	C:\\Program Files (x86)\\Steam
12:44:00 | Found Steam game library at :	C:\\Program Files (x86)\\Steam
12:44:00 | Installing xconsole
12:44:00 | Installation complete!
12:44:01 | Found Steam game library at :	C:\\Program Files (x86)\\Steam
12:44:01 | Could not get Gmod console bindings: 	Index was outside the bounds of the array.
12:44:02 | Starting up...
12:44:02 | Setting metadata
12:44:03 | Found Steam game library at :	C:\\Program Files (x86)\\Steam
12:44:03 | Set icon metadata
12:44:03 | Config params:
12:44:03 | Logs archiving: True
12:44:03 | Gmod monitoring: True
12:44:03 | Start as Gmod: False
12:44:03 | Exclusion Patterns: 
	
12:44:03 | Found Steam game library at :	C:\\Program Files (x86)\\Steam
12:44:03 | Found Steam game library at :	C:\\Program Files (x86)\\Steam
12:44:03 | Installing xconsole
12:44:03 | Installation complete!
12:44:04 | Found Steam game library at :	C:\\Program Files (x86)\\Steam
12:44:04 | Could not get Gmod console bindings: 	Index was outside the bounds of the array.
12:50:41 | Starting up...
12:50:41 | Setting metadata
12:50:41 | Found Steam game library at :	C:\\Program Files (x86)\\Steam
12:50:41 | Set icon metadata
12:50:41 | Config params:
12:50:41 | Logs archiving: True
12:50:41 | Gmod monitoring: True
12:50:41 | Start as Gmod: False
12:50:41 | Exclusion Patterns: 
	
12:50:41 | Found Steam game library at :	C:\\Program Files (x86)\\Steam
12:50:41 | Found Steam game library at :	C:\\Program Files (x86)\\Steam
12:50:41 | Installing xconsole
12:50:41 | Installation complete!
12:50:41 | Found Steam game library at :	C:\\Program Files (x86)\\Steam
12:50:41 | Could not get Gmod console bindings: 	Index was outside the bounds of the array.
12:50:43 | Found Steam game library at :	C:\\Program Files (x86)\\Steam
12:50:43 | Could not get Gmod console bindings: 	Index was outside the bounds of the array.
12:50:43 | Starting up...
12:50:43 | Setting metadata
12:50:43 | Found Steam game library at :	C:\\Program Files (x86)\\Steam
12:50:43 | Set icon metadata
12:50:43 | Config params:
12:50:43 | Logs archiving: True
12:50:43 | Gmod monitoring: True
12:50:43 | Start as Gmod: False
12:50:43 | Exclusion Patterns: 
	
12:50:43 | Found Steam game library at :	C:\\Program Files (x86)\\Steam
12:50:43 | Found Steam game library at :	C:\\Program Files (x86)\\Steam
12:50:43 | Installing xconsole
12:50:43 | Installation complete!
12:50:43 | Found Steam game library at :	C:\\Program Files (x86)\\Steam
12:50:43 | Could not get Gmod console bindings: 	Index was outside the bounds of the array.
12:50:45 | Found Steam game library at :	C:\\Program Files (x86)\\Steam
12:50:45 | Could not get Gmod console bindings: 	Index was outside the bounds of the array.
12:50:45 | Starting up...
12:50:45 | Setting metadata
12:50:46 | Found Steam game library at :	C:\\Program Files (x86)\\Steam
12:50:46 | Set icon metadata
12:50:46 | Config params:
12:50:46 | Logs archiving: True
12:50:46 | Gmod monitoring: True
12:50:46 | Start as Gmod: False
12:50:46 | Exclusion Patterns: 
	
12:50:46 | Found Steam game library at :	C:\\Program Files (x86)\\Steam
12:50:46 | Found Steam game library at :	C:\\Program Files (x86)\\Steam
12:50:46 | Installing xconsole
12:50:46 | Installation complete!
12:50:46 | Found Steam game library at :	C:\\Program Files (x86)\\Steam
12:50:46 | Could not get Gmod console bindings: 	Index was outside the bounds of the array.
12:50:47 | Found Steam game library at :	C:\\Program Files (x86)\\Steam
12:50:47 | Could not get Gmod console bindings: 	Index was outside the bounds of the array.
12:51:16 | Starting up...
12:51:16 | Setting metadata
12:51:16 | Found Steam game library at :	C:\\Program Files (x86)\\Steam
12:51:16 | Set icon metadata
12:51:16 | Config params:
12:51:16 | Logs archiving: True
12:51:16 | Gmod monitoring: True
12:51:16 | Start as Gmod: False
12:51:16 | Exclusion Patterns: 
	
12:51:16 | Found Steam game library at :	C:\\Program Files (x86)\\Steam
12:51:16 | Found Steam game library at :	C:\\Program Files (x86)\\Steam
12:51:16 | Installing xconsole
12:51:16 | Installation complete!
12:51:18 | Found Steam game library at :	C:\\Program Files (x86)\\Steam
12:51:18 | Could not get Gmod console bindings: 	Index was outside the bounds of the array.
12:51:18 | Starting up...
12:51:18 | Setting metadata
12:51:19 | Found Steam game library at :	C:\\Program Files (x86)\\Steam
12:51:19 | Set icon metadata
12:51:19 | Config params:
12:51:19 | Logs archiving: True
12:51:19 | Gmod monitoring: True
12:51:19 | Start as Gmod: False
12:51:19 | Exclusion Patterns: 
	
12:51:19 | Found Steam game library at :	C:\\Program Files (x86)\\Steam
12:51:19 | Found Steam game library at :	C:\\Program Files (x86)\\Steam
12:51:19 | Installing xconsole
12:51:19 | Installation complete!
12:51:20 | Found Steam game library at :	C:\\Program Files (x86)\\Steam
12:51:20 | Could not get Gmod console bindings: 	Index was outside the bounds of the array.
12:51:34 | Starting up...
12:51:34 | Setting metadata
12:51:34 | Found Steam game library at :	C:\\Program Files (x86)\\Steam
12:51:34 | Set icon metadata
12:51:34 | Config params:
12:51:34 | Logs archiving: True
12:51:34 | Gmod monitoring: True
12:51:34 | Start as Gmod: False
12:51:34 | Exclusion Patterns: 
	
12:51:34 | Found Steam game library at :	C:\\Program Files (x86)\\Steam
12:51:34 | Found Steam game library at :	C:\\Program Files (x86)\\Steam
12:51:34 | Installing xconsole
12:51:34 | Installation complete!
12:51:36 | Found Steam game library at :	C:\\Program Files (x86)\\Steam
12:51:36 | Could not get Gmod console bindings: 	Index was outside the bounds of the array.
12:51:38 | Starting up...
12:51:38 | Setting metadata
12:51:38 | Found Steam game library at :	C:\\Program Files (x86)\\Steam
12:51:38 | Set icon metadata
12:51:38 | Config params:
12:51:38 | Logs archiving: True
12:51:38 | Gmod monitoring: True
12:51:38 | Start as Gmod: False
12:51:38 | Exclusion Patterns: 
	
12:51:38 | Found Steam game library at :	C:\\Program Files (x86)\\Steam
12:51:38 | Found Steam game library at :	C:\\Program Files (x86)\\Steam
12:51:38 | Installing xconsole
12:51:38 | Installation complete!
12:51:40 | Found Steam game library at :	C:\\Program Files (x86)\\Steam
12:51:40 | Could not get Gmod console bindings: 	Index was outside the bounds of the array.
12:51:51 | Starting up...
12:51:51 | Setting metadata
12:51:52 | Found Steam game library at :	C:\\Program Files (x86)\\Steam
12:51:52 | Set icon metadata
12:51:52 | Config params:
12:51:52 | Logs archiving: True
12:51:52 | Gmod monitoring: True
12:51:52 | Start as Gmod: False
12:51:52 | Exclusion Patterns: 
	
12:51:52 | Found Steam game library at :	C:\\Program Files (x86)\\Steam
12:51:52 | Found Steam game library at :	C:\\Program Files (x86)\\Steam
12:51:52 | Installing xconsole
12:51:52 | Installation complete!
12:51:53 | Found Steam game library at :	C:\\Program Files (x86)\\Steam
12:51:53 | Could not get Gmod console bindings: 	Index was outside the bounds of the array.
12:52:01 | Starting up...
12:52:02 | Setting metadata
12:52:02 | Found Steam game library at :	C:\\Program Files (x86)\\Steam
12:52:02 | Set icon metadata
12:52:02 | Config params:
12:52:02 | Logs archiving: True
12:52:02 | Gmod monitoring: True
12:52:02 | Start as Gmod: False
12:52:02 | Exclusion Patterns: 
	
12:52:02 | Found Steam game library at :	C:\\Program Files (x86)\\Steam
12:52:02 | Found Steam game library at :	C:\\Program Files (x86)\\Steam
12:52:02 | Installing xconsole
12:52:02 | Installation complete!
12:52:04 | Found Steam game library at :	C:\\Program Files (x86)\\Steam
12:52:04 | Could not get Gmod console bindings: 	Index was outside the bounds of the array.
12:52:55 | Starting up...
12:52:55 | Setting metadata
12:52:55 | Found Steam game library at :	C:\\Program Files (x86)\\Steam
12:52:55 | Set icon metadata
12:52:55 | Config params:
12:52:55 | Logs archiving: True
12:52:55 | Gmod monitoring: True
12:52:55 | Start as Gmod: False
12:52:55 | Exclusion Patterns: 
	
12:52:55 | Found Steam game library at :	C:\\Program Files (x86)\\Steam
12:52:55 | Found Steam game library at :	C:\\Program Files (x86)\\Steam
12:52:55 | Installing xconsole
12:52:55 | Installation complete!
12:52:57 | Found Steam game library at :	C:\\Program Files (x86)\\Steam
12:52:57 | Could not get Gmod console bindings: 	Index was outside the bounds of the array.
12:53:00 | Starting up...
12:53:00 | Setting metadata
12:53:00 | Found Steam game library at :	C:\\Program Files (x86)\\Steam
12:53:00 | Set icon metadata
12:53:00 | Config params:
12:53:00 | Logs archiving: True
12:53:00 | Gmod monitoring: True
12:53:00 | Start as Gmod: False
12:53:00 | Exclusion Patterns: 
	
12:53:00 | Found Steam game library at :	C:\\Program Files (x86)\\Steam
12:53:00 | Found Steam game library at :	C:\\Program Files (x86)\\Steam
12:53:00 | Installing xconsole
12:53:00 | Installation complete!
12:53:02 | Found Steam game library at :	C:\\Program Files (x86)\\Steam
12:53:02 | Could not get Gmod console bindings: 	Index was outside the bounds of the array.
12:53:05 | Starting up...
12:53:05 | Setting metadata
12:53:05 | Found Steam game library at :	C:\\Program Files (x86)\\Steam
12:53:06 | Set icon metadata
12:53:06 | Config params:
12:53:06 | Logs archiving: True
12:53:06 | Gmod monitoring: True
12:53:06 | Start as Gmod: False
12:53:06 | Exclusion Patterns: 
	
12:53:06 | Found Steam game library at :	C:\\Program Files (x86)\\Steam
12:53:06 | Found Steam game library at :	C:\\Program Files (x86)\\Steam
12:53:06 | Installing xconsole
12:53:06 | Installation complete!
12:53:07 | Found Steam game library at :	C:\\Program Files (x86)\\Steam
12:53:07 | Could not get Gmod console bindings: 	Index was outside the bounds of the array.
12:53:26 | Starting up...
12:53:26 | Setting metadata
12:53:26 | Found Steam game library at :	C:\\Program Files (x86)\\Steam
12:53:26 | Set icon metadata
12:53:26 | Config params:
12:53:26 | Logs archiving: True
12:53:26 | Gmod monitoring: True
12:53:26 | Start as Gmod: False
12:53:26 | Exclusion Patterns: 
	
12:53:26 | Found Steam game library at :	C:\\Program Files (x86)\\Steam
12:53:26 | Found Steam game library at :	C:\\Program Files (x86)\\Steam
12:53:26 | Installing xconsole
12:53:26 | Installation complete!
12:53:28 | Found Steam game library at :	C:\\Program Files (x86)\\Steam
12:53:28 | Could not get Gmod console bindings: 	Index was outside the bounds of the array.
12:53:39 | Starting up...
12:53:39 | Setting metadata
12:53:39 | Found Steam game library at :	C:\\Program Files (x86)\\Steam
12:53:39 | Set icon metadata
12:53:39 | Config params:
12:53:39 | Logs archiving: True
12:53:39 | Gmod monitoring: True
12:53:39 | Start as Gmod: False
12:53:39 | Exclusion Patterns: 
	
12:53:39 | Found Steam game library at :	C:\\Program Files (x86)\\Steam
12:53:39 | Found Steam game library at :	C:\\Program Files (x86)\\Steam
12:53:39 | Installing xconsole
12:53:39 | Installation complete!
12:53:41 | Found Steam game library at :	C:\\Program Files (x86)\\Steam
12:53:41 | Could not get Gmod console bindings: 	Index was outside the bounds of the array.
